0 info it worked if it ends with ok
1 verbose cli [ '/usr/bin/node', '/usr/bin/npm', 'run', 'lint' ]
2 info using npm@3.5.2
3 info using node@v8.10.0
4 verbose run-script [ 'prelint', 'lint', 'postlint' ]
5 info lifecycle rfcs@0.0.0~prelint: rfcs@0.0.0
6 silly lifecycle rfcs@0.0.0~prelint: no script for prelint, continuing
7 info lifecycle rfcs@0.0.0~lint: rfcs@0.0.0
8 verbose lifecycle rfcs@0.0.0~lint: unsafe-perm in lifecycle true
9 verbose lifecycle rfcs@0.0.0~lint: PATH: /usr/share/npm/bin/node-gyp-bin:/home/debabrata/rfcs/node_modules/.bin:/home/debabrata/go/go1.16/bin:/home/debabrata/gopath/bin:/home/debabrata/.gvm/bin:/home/debabrata/rfcs/node_modules/.bin:/home/debabrata/.local/bin:/usr/local/sbin:/usr/local/bin:/usr/sbin:/usr/bin:/sbin:/bin:/usr/games:/usr/local/games:/snap/bin
10 verbose lifecycle rfcs@0.0.0~lint: CWD: /home/debabrata/rfcs
11 silly lifecycle rfcs@0.0.0~lint: Args: [ '-c', 'markdownlint text/*.md' ]
12 info lifecycle rfcs@0.0.0~lint: Failed to exec lint script
13 verbose stack Error: rfcs@0.0.0 lint: `markdownlint text/*.md`
13 verbose stack spawn ENOENT
13 verbose stack     at ChildProcess.<anonymous> (/usr/share/npm/lib/utils/spawn.js:17:16)
13 verbose stack     at emitTwo (events.js:126:13)
13 verbose stack     at ChildProcess.emit (events.js:214:7)
13 verbose stack     at maybeClose (internal/child_process.js:925:16)
13 verbose stack     at Process.ChildProcess._handle.onexit (internal/child_process.js:209:5)
14 verbose pkgid rfcs@0.0.0
15 verbose cwd /home/debabrata/rfcs
16 error Linux 5.4.0-70-generic
17 error argv "/usr/bin/node" "/usr/bin/npm" "run" "lint"
18 error node v8.10.0
19 error npm  v3.5.2
20 error file sh
21 error code ELIFECYCLE
22 error errno ENOENT
23 error syscall spawn
24 error rfcs@0.0.0 lint: `markdownlint text/*.md`
24 error spawn ENOENT
25 error Failed at the rfcs@0.0.0 lint script 'markdownlint text/*.md'.
25 error Make sure you have the latest version of node.js and npm installed.
25 error If you do, this is most likely a problem with the rfcs package,
25 error not with npm itself.
25 error Tell the author that this fails on your system:
25 error     markdownlint text/*.md
25 error You can get information on how to open an issue for this project with:
25 error     npm bugs rfcs
25 error Or if that isn't available, you can get their info via:
25 error     npm owner ls rfcs
25 error There is likely additional logging output above.
26 verbose exit [ 1, true ]
